22:18:43.095 [main] [INFO ]Loading XML bean definitions from class path resource [activiti.cfg.xml]  o.s.b.f.x.XmlBeanDefinitionReader.loadBeanDefinitions:317
22:18:43.329 [main] [INFO ]configuration = org.activiti.engine.impl.cfg.StandaloneInMemProcessEngineConfiguration@63475ace  ConfigDBTest.test1:15
22:18:44.144 [main] [INFO ]Activiti 5 compatibility handler implementation not found or error during instantiation : org.activiti.compatibility.DefaultActiviti5CompatibilityHandler. Activiti 5 backwards compatibility disabled.  o.a.e.c.DefaultActiviti5CompatibilityHandlerFactory.createActiviti5CompatibilityHandler:38
22:18:44.154 [main] [INFO ]performing create on engine with resource org/activiti/db/create/activiti.h2.create.engine.sql  o.a.e.i.d.DbSqlSession.executeSchemaResource:1147
22:18:44.188 [main] [INFO ]performing create on history with resource org/activiti/db/create/activiti.h2.create.history.sql  o.a.e.i.d.DbSqlSession.executeSchemaResource:1147
22:18:44.191 [main] [INFO ]performing create on identity with resource org/activiti/db/create/activiti.h2.create.identity.sql  o.a.e.i.d.DbSqlSession.executeSchemaResource:1147
22:18:44.194 [main] [INFO ]ProcessEngine default created  o.a.e.i.ProcessEngineImpl.<init>:87
22:18:44.209 [main] [INFO ]获取流程引擎 default  ConfigDBTest.test1:17
22:18:44.210 [main] [INFO ]performing drop on engine with resource org/activiti/db/drop/activiti.h2.drop.engine.sql  o.a.e.i.d.DbSqlSession.executeSchemaResource:1147
22:18:44.220 [main] [INFO ]performing drop on history with resource org/activiti/db/drop/activiti.h2.drop.history.sql  o.a.e.i.d.DbSqlSession.executeSchemaResource:1147
22:18:44.222 [main] [INFO ]performing drop on identity with resource org/activiti/db/drop/activiti.h2.drop.identity.sql  o.a.e.i.d.DbSqlSession.executeSchemaResource:1147
22:25:15.641 [main] [INFO ]Loading XML bean definitions from class path resource [activiti.cfg.xml]  o.s.b.f.x.XmlBeanDefinitionReader.loadBeanDefinitions:317
22:25:15.971 [main] [INFO ]configuration = org.activiti.engine.impl.cfg.StandaloneInMemProcessEngineConfiguration@346d61be  ConfigDBTest.test1:15
22:25:16.008 [main] [ERROR]Exception while initializing Database connection  o.a.e.i.c.ProcessEngineConfigurationImpl.initDatabaseType:974
java.sql.SQLException: Error setting driver on UnpooledDataSource. Cause: java.lang.ClassNotFoundException: com.mysql.jdbc.Driver
	at org.apache.ibatis.datasource.unpooled.UnpooledDataSource.initializeDriver(UnpooledDataSource.java:221)
	at org.apache.ibatis.datasource.unpooled.UnpooledDataSource.doGetConnection(UnpooledDataSource.java:200)
	at org.apache.ibatis.datasource.unpooled.UnpooledDataSource.doGetConnection(UnpooledDataSource.java:196)
	at org.apache.ibatis.datasource.unpooled.UnpooledDataSource.getConnection(UnpooledDataSource.java:93)
	at org.apache.ibatis.datasource.pooled.PooledDataSource.popConnection(PooledDataSource.java:385)
	at org.apache.ibatis.datasource.pooled.PooledDataSource.getConnection(PooledDataSource.java:89)
	at org.activiti.engine.impl.cfg.ProcessEngineConfigurationImpl.initDatabaseType(ProcessEngineConfigurationImpl.java:957)
	at org.activiti.engine.impl.cfg.ProcessEngineConfigurationImpl.initDataSource(ProcessEngineConfigurationImpl.java:907)
	at org.activiti.engine.impl.cfg.ProcessEngineConfigurationImpl.init(ProcessEngineConfigurationImpl.java:689)
	at org.activiti.engine.impl.cfg.ProcessEngineConfigurationImpl.buildProcessEngine(ProcessEngineConfigurationImpl.java:664)
	at ConfigDBTest.test1(ConfigDBTest.java:16)
	at sun.reflect.NativeMethodAccessorImpl.invoke0(Native Method)
	at sun.reflect.NativeMethodAccessorImpl.invoke(NativeMethodAccessorImpl.java:62)
	at sun.reflect.DelegatingMethodAccessorImpl.invoke(DelegatingMethodAccessorImpl.java:43)
	at java.lang.reflect.Method.invoke(Method.java:498)
	at org.junit.runners.model.FrameworkMethod$1.runReflectiveCall(FrameworkMethod.java:50)
	at org.junit.internal.runners.model.ReflectiveCallable.run(ReflectiveCallable.java:12)
	at org.junit.runners.model.FrameworkMethod.invokeExplosively(FrameworkMethod.java:47)
	at org.junit.internal.runners.statements.InvokeMethod.evaluate(InvokeMethod.java:17)
	at org.junit.runners.ParentRunner.runLeaf(ParentRunner.java:325)
	at org.junit.runners.BlockJUnit4ClassRunner.runChild(BlockJUnit4ClassRunner.java:78)
	at org.junit.runners.BlockJUnit4ClassRunner.runChild(BlockJUnit4ClassRunner.java:57)
	at org.junit.runners.ParentRunner$3.run(ParentRunner.java:290)
	at org.junit.runners.ParentRunner$1.schedule(ParentRunner.java:71)
	at org.junit.runners.ParentRunner.runChildren(ParentRunner.java:288)
	at org.junit.runners.ParentRunner.access$000(ParentRunner.java:58)
	at org.junit.runners.ParentRunner$2.evaluate(ParentRunner.java:268)
	at org.junit.runners.ParentRunner.run(ParentRunner.java:363)
	at org.junit.runner.JUnitCore.run(JUnitCore.java:137)
	at com.intellij.junit4.JUnit4IdeaTestRunner.startRunnerWithArgs(JUnit4IdeaTestRunner.java:68)
	at com.intellij.rt.execution.junit.IdeaTestRunner$Repeater.startRunnerWithArgs(IdeaTestRunner.java:47)
	at com.intellij.rt.execution.junit.JUnitStarter.prepareStreamsAndStart(JUnitStarter.java:242)
	at com.intellij.rt.execution.junit.JUnitStarter.main(JUnitStarter.java:70)
22:25:16.771 [main] [INFO ]Activiti 5 compatibility handler implementation not found or error during instantiation : org.activiti.compatibility.DefaultActiviti5CompatibilityHandler. Activiti 5 backwards compatibility disabled.  o.a.e.c.DefaultActiviti5CompatibilityHandlerFactory.createActiviti5CompatibilityHandler:38
22:25:16.780 [main] [ERROR]Error while closing command context  o.a.e.i.i.CommandContext.logException:122
org.activiti.engine.ActivitiException: couldn't check if tables are already present using metadata: 
### Error getting a new connection.  Cause: java.sql.SQLException: Error setting driver on UnpooledDataSource. Cause: java.lang.ClassNotFoundException: com.mysql.jdbc.Driver
### Cause: java.sql.SQLException: Error setting driver on UnpooledDataSource. Cause: java.lang.ClassNotFoundException: com.mysql.jdbc.Driver
	at org.activiti.engine.impl.db.DbSqlSession.isTablePresent(DbSqlSession.java:1051)
	at org.activiti.engine.impl.db.DbSqlSession.isEngineTablePresent(DbSqlSession.java:991)
	at org.activiti.engine.impl.db.DbSqlSession.dbSchemaCreate(DbSqlSession.java:847)
	at org.activiti.engine.impl.db.DbSqlSession.performSchemaOperationsProcessEngineBuild(DbSqlSession.java:1312)
	at org.activiti.engine.impl.SchemaOperationsProcessEngineBuild.execute(SchemaOperationsProcessEngineBuild.java:28)
	at org.activiti.engine.impl.interceptor.CommandInvoker$1.run(CommandInvoker.java:37)
	at org.activiti.engine.impl.interceptor.CommandInvoker.executeOperation(CommandInvoker.java:78)
	at org.activiti.engine.impl.interceptor.CommandInvoker.executeOperations(CommandInvoker.java:57)
	at org.activiti.engine.impl.interceptor.CommandInvoker.execute(CommandInvoker.java:42)
	at org.activiti.engine.impl.interceptor.TransactionContextInterceptor.execute(TransactionContextInterceptor.java:48)
	at org.activiti.engine.impl.interceptor.CommandContextInterceptor.execute(CommandContextInterceptor.java:63)
	at org.activiti.engine.impl.interceptor.LogInterceptor.execute(LogInterceptor.java:29)
	at org.activiti.engine.impl.cfg.CommandExecutorImpl.execute(CommandExecutorImpl.java:44)
	at org.activiti.engine.impl.ProcessEngineImpl.<init>(ProcessEngineImpl.java:81)
	at org.activiti.engine.impl.cfg.ProcessEngineConfigurationImpl.buildProcessEngine(ProcessEngineConfigurationImpl.java:665)
	at ConfigDBTest.test1(ConfigDBTest.java:16)
	at sun.reflect.NativeMethodAccessorImpl.invoke0(Native Method)
	at sun.reflect.NativeMethodAccessorImpl.invoke(NativeMethodAccessorImpl.java:62)
	at sun.reflect.DelegatingMethodAccessorImpl.invoke(DelegatingMethodAccessorImpl.java:43)
	at java.lang.reflect.Method.invoke(Method.java:498)
	at org.junit.runners.model.FrameworkMethod$1.runReflectiveCall(FrameworkMethod.java:50)
	at org.junit.internal.runners.model.ReflectiveCallable.run(ReflectiveCallable.java:12)
	at org.junit.runners.model.FrameworkMethod.invokeExplosively(FrameworkMethod.java:47)
	at org.junit.internal.runners.statements.InvokeMethod.evaluate(InvokeMethod.java:17)
	at org.junit.runners.ParentRunner.runLeaf(ParentRunner.java:325)
	at org.junit.runners.BlockJUnit4ClassRunner.runChild(BlockJUnit4ClassRunner.java:78)
	at org.junit.runners.BlockJUnit4ClassRunner.runChild(BlockJUnit4ClassRunner.java:57)
	at org.junit.runners.ParentRunner$3.run(ParentRunner.java:290)
	at org.junit.runners.ParentRunner$1.schedule(ParentRunner.java:71)
	at org.junit.runners.ParentRunner.runChildren(ParentRunner.java:288)
	at org.junit.runners.ParentRunner.access$000(ParentRunner.java:58)
	at org.junit.runners.ParentRunner$2.evaluate(ParentRunner.java:268)
	at org.junit.runners.ParentRunner.run(ParentRunner.java:363)
	at org.junit.runner.JUnitCore.run(JUnitCore.java:137)
	at com.intellij.junit4.JUnit4IdeaTestRunner.startRunnerWithArgs(JUnit4IdeaTestRunner.java:68)
	at com.intellij.rt.execution.junit.IdeaTestRunner$Repeater.startRunnerWithArgs(IdeaTestRunner.java:47)
	at com.intellij.rt.execution.junit.JUnitStarter.prepareStreamsAndStart(JUnitStarter.java:242)
	at com.intellij.rt.execution.junit.JUnitStarter.main(JUnitStarter.java:70)
Caused by: org.apache.ibatis.exceptions.PersistenceException: 
### Error getting a new connection.  Cause: java.sql.SQLException: Error setting driver on UnpooledDataSource. Cause: java.lang.ClassNotFoundException: com.mysql.jdbc.Driver
### Cause: java.sql.SQLException: Error setting driver on UnpooledDataSource. Cause: java.lang.ClassNotFoundException: com.mysql.jdbc.Driver
	at org.apache.ibatis.exceptions.ExceptionFactory.wrapException(ExceptionFactory.java:30)
	at org.apache.ibatis.session.defaults.DefaultSqlSession.getConnection(DefaultSqlSession.java:300)
	at org.activiti.engine.impl.db.DbSqlSession.isTablePresent(DbSqlSession.java:1011)
	... 37 common frames omitted
Caused by: java.sql.SQLException: Error setting driver on UnpooledDataSource. Cause: java.lang.ClassNotFoundException: com.mysql.jdbc.Driver
	at org.apache.ibatis.datasource.unpooled.UnpooledDataSource.initializeDriver(UnpooledDataSource.java:221)
	at org.apache.ibatis.datasource.unpooled.UnpooledDataSource.doGetConnection(UnpooledDataSource.java:200)
	at org.apache.ibatis.datasource.unpooled.UnpooledDataSource.doGetConnection(UnpooledDataSource.java:196)
	at org.apache.ibatis.datasource.unpooled.UnpooledDataSource.getConnection(UnpooledDataSource.java:93)
	at org.apache.ibatis.datasource.pooled.PooledDataSource.popConnection(PooledDataSource.java:385)
	at org.apache.ibatis.datasource.pooled.PooledDataSource.getConnection(PooledDataSource.java:89)
	at org.apache.ibatis.transaction.jdbc.JdbcTransaction.openConnection(JdbcTransaction.java:138)
	at org.apache.ibatis.transaction.jdbc.JdbcTransaction.getConnection(JdbcTransaction.java:60)
	at org.apache.ibatis.session.defaults.DefaultSqlSession.getConnection(DefaultSqlSession.java:298)
	... 38 common frames omitted
22:29:42.840 [main] [INFO ]Loading XML bean definitions from class path resource [activiti.cfg.xml]  o.s.b.f.x.XmlBeanDefinitionReader.loadBeanDefinitions:317
22:29:43.170 [main] [INFO ]configuration = org.activiti.engine.impl.cfg.StandaloneInMemProcessEngineConfiguration@747edf66  ConfigDBTest.test1:15
22:29:44.139 [main] [INFO ]Activiti 5 compatibility handler implementation not found or error during instantiation : org.activiti.compatibility.DefaultActiviti5CompatibilityHandler. Activiti 5 backwards compatibility disabled.  o.a.e.c.DefaultActiviti5CompatibilityHandlerFactory.createActiviti5CompatibilityHandler:38
22:29:44.151 [main] [INFO ]performing create on engine with resource org/activiti/db/create/activiti.mysql.create.engine.sql  o.a.e.i.d.DbSqlSession.executeSchemaResource:1147
22:29:44.152 [main] [INFO ]Found MySQL: majorVersion=5 minorVersion=5  o.a.e.i.d.DbSqlSession.executeSchemaResource:1162
22:29:44.980 [main] [INFO ]performing create on history with resource org/activiti/db/create/activiti.mysql.create.history.sql  o.a.e.i.d.DbSqlSession.executeSchemaResource:1147
22:29:44.980 [main] [INFO ]Found MySQL: majorVersion=5 minorVersion=5  o.a.e.i.d.DbSqlSession.executeSchemaResource:1162
22:29:45.315 [main] [INFO ]performing create on identity with resource org/activiti/db/create/activiti.mysql.create.identity.sql  o.a.e.i.d.DbSqlSession.executeSchemaResource:1147
22:29:45.315 [main] [INFO ]Found MySQL: majorVersion=5 minorVersion=5  o.a.e.i.d.DbSqlSession.executeSchemaResource:1162
22:29:45.367 [main] [INFO ]ProcessEngine default created  o.a.e.i.ProcessEngineImpl.<init>:87
22:29:45.390 [main] [INFO ]获取流程引擎 default  ConfigDBTest.test1:17
22:29:45.390 [main] [INFO ]performing drop on engine with resource org/activiti/db/drop/activiti.mysql.drop.engine.sql  o.a.e.i.d.DbSqlSession.executeSchemaResource:1147
22:29:45.391 [main] [INFO ]Found MySQL: majorVersion=5 minorVersion=5  o.a.e.i.d.DbSqlSession.executeSchemaResource:1162
22:29:46.021 [main] [INFO ]performing drop on history with resource org/activiti/db/drop/activiti.mysql.drop.history.sql  o.a.e.i.d.DbSqlSession.executeSchemaResource:1147
22:29:46.021 [main] [INFO ]Found MySQL: majorVersion=5 minorVersion=5  o.a.e.i.d.DbSqlSession.executeSchemaResource:1162
22:29:46.211 [main] [INFO ]performing drop on identity with resource org/activiti/db/drop/activiti.mysql.drop.identity.sql  o.a.e.i.d.DbSqlSession.executeSchemaResource:1147
22:29:46.211 [main] [INFO ]Found MySQL: majorVersion=5 minorVersion=5  o.a.e.i.d.DbSqlSession.executeSchemaResource:1162
22:32:11.495 [main] [INFO ]Loading XML bean definitions from class path resource [activiti.cfg.xml]  o.s.b.f.x.XmlBeanDefinitionReader.loadBeanDefinitions:317
22:32:11.833 [main] [INFO ]configuration = org.activiti.engine.impl.cfg.StandaloneInMemProcessEngineConfiguration@388ba540  ConfigDBTest.test1:15
22:32:12.657 [main] [INFO ]Activiti 5 compatibility handler implementation not found or error during instantiation : org.activiti.compatibility.DefaultActiviti5CompatibilityHandler. Activiti 5 backwards compatibility disabled.  o.a.e.c.DefaultActiviti5CompatibilityHandlerFactory.createActiviti5CompatibilityHandler:38
22:32:12.670 [main] [INFO ]performing create on engine with resource org/activiti/db/create/activiti.mysql.create.engine.sql  o.a.e.i.d.DbSqlSession.executeSchemaResource:1147
22:32:12.670 [main] [INFO ]Found MySQL: majorVersion=5 minorVersion=5  o.a.e.i.d.DbSqlSession.executeSchemaResource:1162
22:32:13.431 [main] [INFO ]performing create on history with resource org/activiti/db/create/activiti.mysql.create.history.sql  o.a.e.i.d.DbSqlSession.executeSchemaResource:1147
22:32:13.431 [main] [INFO ]Found MySQL: majorVersion=5 minorVersion=5  o.a.e.i.d.DbSqlSession.executeSchemaResource:1162
22:32:13.763 [main] [INFO ]performing create on identity with resource org/activiti/db/create/activiti.mysql.create.identity.sql  o.a.e.i.d.DbSqlSession.executeSchemaResource:1147
22:32:13.764 [main] [INFO ]Found MySQL: majorVersion=5 minorVersion=5  o.a.e.i.d.DbSqlSession.executeSchemaResource:1162
22:32:13.807 [main] [INFO ]ProcessEngine default created  o.a.e.i.ProcessEngineImpl.<init>:87
22:32:13.830 [main] [INFO ]获取流程引擎 default  ConfigDBTest.test1:17
22:32:13.831 [main] [INFO ]performing drop on engine with resource org/activiti/db/drop/activiti.mysql.drop.engine.sql  o.a.e.i.d.DbSqlSession.executeSchemaResource:1147
22:32:13.831 [main] [INFO ]Found MySQL: majorVersion=5 minorVersion=5  o.a.e.i.d.DbSqlSession.executeSchemaResource:1162
22:32:14.431 [main] [INFO ]performing drop on history with resource org/activiti/db/drop/activiti.mysql.drop.history.sql  o.a.e.i.d.DbSqlSession.executeSchemaResource:1147
22:32:14.432 [main] [INFO ]Found MySQL: majorVersion=5 minorVersion=5  o.a.e.i.d.DbSqlSession.executeSchemaResource:1162
22:32:14.616 [main] [INFO ]performing drop on identity with resource org/activiti/db/drop/activiti.mysql.drop.identity.sql  o.a.e.i.d.DbSqlSession.executeSchemaResource:1147
22:32:14.616 [main] [INFO ]Found MySQL: majorVersion=5 minorVersion=5  o.a.e.i.d.DbSqlSession.executeSchemaResource:1162
22:33:54.361 [main] [INFO ]Loading XML bean definitions from class path resource [activiti.cfg.xml]  o.s.b.f.x.XmlBeanDefinitionReader.loadBeanDefinitions:317
22:33:54.685 [main] [INFO ]configuration = org.activiti.engine.impl.cfg.StandaloneInMemProcessEngineConfiguration@34f7cfd9  ConfigDBTest.test1:15
22:33:55.610 [main] [INFO ]Activiti 5 compatibility handler implementation not found or error during instantiation : org.activiti.compatibility.DefaultActiviti5CompatibilityHandler. Activiti 5 backwards compatibility disabled.  o.a.e.c.DefaultActiviti5CompatibilityHandlerFactory.createActiviti5CompatibilityHandler:38
22:33:55.623 [main] [INFO ]performing create on engine with resource org/activiti/db/create/activiti.mysql.create.engine.sql  o.a.e.i.d.DbSqlSession.executeSchemaResource:1147
22:33:55.623 [main] [INFO ]Found MySQL: majorVersion=5 minorVersion=5  o.a.e.i.d.DbSqlSession.executeSchemaResource:1162
22:33:56.384 [main] [INFO ]performing create on history with resource org/activiti/db/create/activiti.mysql.create.history.sql  o.a.e.i.d.DbSqlSession.executeSchemaResource:1147
22:33:56.384 [main] [INFO ]Found MySQL: majorVersion=5 minorVersion=5  o.a.e.i.d.DbSqlSession.executeSchemaResource:1162
22:33:56.709 [main] [INFO ]performing create on identity with resource org/activiti/db/create/activiti.mysql.create.identity.sql  o.a.e.i.d.DbSqlSession.executeSchemaResource:1147
22:33:56.709 [main] [INFO ]Found MySQL: majorVersion=5 minorVersion=5  o.a.e.i.d.DbSqlSession.executeSchemaResource:1162
22:33:56.753 [main] [INFO ]ProcessEngine default created  o.a.e.i.ProcessEngineImpl.<init>:87
22:33:56.775 [main] [INFO ]获取流程引擎 default  ConfigDBTest.test1:17
22:33:56.776 [main] [INFO ]performing drop on engine with resource org/activiti/db/drop/activiti.mysql.drop.engine.sql  o.a.e.i.d.DbSqlSession.executeSchemaResource:1147
22:33:56.776 [main] [INFO ]Found MySQL: majorVersion=5 minorVersion=5  o.a.e.i.d.DbSqlSession.executeSchemaResource:1162
22:33:59.472 [main] [INFO ]performing drop on history with resource org/activiti/db/drop/activiti.mysql.drop.history.sql  o.a.e.i.d.DbSqlSession.executeSchemaResource:1147
22:33:59.473 [main] [INFO ]Found MySQL: majorVersion=5 minorVersion=5  o.a.e.i.d.DbSqlSession.executeSchemaResource:1162
22:33:59.653 [main] [INFO ]performing drop on identity with resource org/activiti/db/drop/activiti.mysql.drop.identity.sql  o.a.e.i.d.DbSqlSession.executeSchemaResource:1147
22:33:59.653 [main] [INFO ]Found MySQL: majorVersion=5 minorVersion=5  o.a.e.i.d.DbSqlSession.executeSchemaResource:1162
22:45:17.919 [main] [INFO ]Loading XML bean definitions from class path resource [activiti.cfg.xml]  o.s.b.f.x.XmlBeanDefinitionReader.loadBeanDefinitions:317
22:45:18.248 [main] [INFO ]configuration = org.activiti.engine.impl.cfg.StandaloneInMemProcessEngineConfiguration@747edf66  ConfigDBTest.test1:15
22:45:19.198 [main] [INFO ]Activiti 5 compatibility handler implementation not found or error during instantiation : org.activiti.compatibility.DefaultActiviti5CompatibilityHandler. Activiti 5 backwards compatibility disabled.  o.a.e.c.DefaultActiviti5CompatibilityHandlerFactory.createActiviti5CompatibilityHandler:38
22:45:19.210 [main] [INFO ]performing create on engine with resource org/activiti/db/create/activiti.mysql.create.engine.sql  o.a.e.i.d.DbSqlSession.executeSchemaResource:1147
22:45:19.210 [main] [INFO ]Found MySQL: majorVersion=5 minorVersion=5  o.a.e.i.d.DbSqlSession.executeSchemaResource:1162
22:45:19.933 [main] [INFO ]performing create on history with resource org/activiti/db/create/activiti.mysql.create.history.sql  o.a.e.i.d.DbSqlSession.executeSchemaResource:1147
22:45:19.933 [main] [INFO ]Found MySQL: majorVersion=5 minorVersion=5  o.a.e.i.d.DbSqlSession.executeSchemaResource:1162
22:45:20.274 [main] [INFO ]performing create on identity with resource org/activiti/db/create/activiti.mysql.create.identity.sql  o.a.e.i.d.DbSqlSession.executeSchemaResource:1147
22:45:20.274 [main] [INFO ]Found MySQL: majorVersion=5 minorVersion=5  o.a.e.i.d.DbSqlSession.executeSchemaResource:1162
22:45:20.320 [main] [INFO ]ProcessEngine default created  o.a.e.i.ProcessEngineImpl.<init>:87
22:45:20.342 [main] [INFO ]获取流程引擎 default  ConfigDBTest.test1:17
